<testsuites id="" name="" tests="2" failures="0" skipped="0" errors="0" time="7.426889">
<testsuite name="example.spec.ts" timestamp="2025-08-01T10:07:02.255Z" hostname="chromium" tests="2" failures="0" skipped="0" time="9.906" errors="0">
<testcase name="Example Tests › should load homepage" classname="example.spec.ts" time="5.048">
</testcase>
<testcase name="Example Tests › should navigate and check URL" classname="example.spec.ts" time="4.858">
</testcase>
</testsuite>
</testsuites>